   234.5ms (setup:858): 2026-01-22 20:38:13
   234.6ms (setup:859): /usr/bin/pipx install --force aider-chat
   234.6ms (setup:860): pipx version is 1.4.3
   234.7ms (setup:861): Default python interpreter is '/usr/bin/python3'
   236.6ms (package_name_from_spec:370): Determined package name: aider-chat
   236.6ms (package_name_from_spec:371): Package name determined in 0.0s
   237.1ms (run_subprocess:168): running /usr/bin/python3 -m venv --without-pip /home/ubuntu/.local/share/pipx/venvs/aider-chat
   293.3ms (run_subprocess:190): stdout:
   293.3ms (run_subprocess:192): stderr:
   293.4ms (run_subprocess:193): returncode: 0
   294.5ms (run_subprocess:168): running <checking pip's availability>
   315.5ms (run_subprocess:190): stdout: ModuleSpec(name='pip', loader=<_frozen_importlib_external.SourceFileLoader object at 0x7c90e37ffe00>, origin='/home/ubuntu/.local/share/pipx/shared/lib/python3.12/site-packages/pip/__init__.py', submodule_search_locations=['/home/ubuntu/.local/share/pipx/shared/lib/python3.12/site-packages/pip'])
   315.5ms (run_subprocess:193): returncode: 0
   315.7ms (run_subprocess:168): running /home/ubuntu/.local/share/pipx/venvs/aider-chat/bin/python -c import sysconfig; print(sysconfig.get_path('purelib'))
   334.6ms (run_subprocess:190): stdout: /home/ubuntu/.local/share/pipx/venvs/aider-chat/lib/python3.12/site-packages
   334.7ms (run_subprocess:193): returncode: 0
   334.8ms (run_subprocess:168): running /home/ubuntu/.local/share/pipx/shared/bin/python -c import sysconfig; print(sysconfig.get_path('purelib'))
   353.5ms (run_subprocess:190): stdout: /home/ubuntu/.local/share/pipx/shared/lib/python3.12/site-packages
   353.6ms (run_subprocess:193): returncode: 0
   353.8ms (run_subprocess:168): running /home/ubuntu/.local/share/pipx/venvs/aider-chat/bin/python --version
   355.3ms (run_subprocess:190): stdout: Python 3.12.3
   355.3ms (run_subprocess:192): stderr:
   355.4ms (run_subprocess:193): returncode: 0
   355.6ms (_parsed_package_to_package_or_url:137): cleaned package spec: aider-chat
   355.8ms (run_subprocess:168): running /home/ubuntu/.local/share/pipx/venvs/aider-chat/bin/python -m pip --no-input install aider-chat
 49668.7ms (run_subprocess:193): returncode: 0
 49669.7ms (run_subprocess:168): running <fetch_info_in_venv commands>
 49699.5ms (run_subprocess:190): stdout: {"sys_path": ["/usr/lib/python312.zip", "/usr/lib/python3.12", "/usr/lib/python3.12/lib-dynload", "/home/ubuntu/.local/share/pipx/venvs/aider-chat/lib/python3.12/site-packages", "/home/ubuntu/.local/share/pipx/shared/lib/python3.12/site-packages"], "python_version": "3.12.3", "environment": {"implementation_name": "cpython", "implementation_version": "3.12.3", "os_name": "posix", "platform_machine": "x86_64", "platform_release": "6.14.0-1018-aws", "platform_system": "Linux", "platform_version": "#18~24.04.1-Ubuntu SMP Mon Nov 24 19:46:27 UTC 2025", "python_full_version": "3.12.3", "platform_python_implementation": "CPython", "python_version": "3.12", "sys_platform": "linux"}}
 49699.6ms (run_subprocess:193): returncode: 0
 53017.9ms (get_venv_metadata_for_package:339): get_venv_metadata_for_package: 3348ms
 53018.1ms (_parsed_package_to_package_or_url:137): cleaned package spec: aider-chat
 53019.4ms (_symlink_package_resource:132): Force is true. Removing /home/ubuntu/.local/bin/aider.
 53022.8ms (run_subprocess:168): running <checking pip's availability>
 53042.9ms (run_subprocess:190): stdout: ModuleSpec(name='pip', loader=<_frozen_importlib_external.SourceFileLoader object at 0x75509c9ffe00>, origin='/home/ubuntu/.local/share/pipx/shared/lib/python3.12/site-packages/pip/__init__.py', submodule_search_locations=['/home/ubuntu/.local/share/pipx/shared/lib/python3.12/site-packages/pip'])
 53042.9ms (run_subprocess:193): returncode: 0
 53043.0ms (needs_upgrade:78): Time since last upgrade of shared libs, in seconds: 3437. Upgrade will be run by pipx if greater than 2592000.
 53043.1ms (run_subprocess:168): running <checking pip's availability>
 53061.4ms (run_subprocess:190): stdout: ModuleSpec(name='pip', loader=<_frozen_importlib_external.SourceFileLoader object at 0x7b555edffe00>, origin='/home/ubuntu/.local/share/pipx/shared/lib/python3.12/site-packages/pip/__init__.py', submodule_search_locations=['/home/ubuntu/.local/share/pipx/shared/lib/python3.12/site-packages/pip'])
 53061.5ms (run_subprocess:193): returncode: 0
 53063.2ms (cli:932): pipx finished.
